[2024-02-10T23:46:33.380+0000] {processor.py:161} INFO - Started process (PID=234) to work on /opt/airflow/dags/first_dag.py
[2024-02-10T23:46:33.382+0000] {processor.py:830} INFO - Processing file /opt/airflow/dags/first_dag.py for tasks to queue
[2024-02-10T23:46:33.385+0000] {logging_mixin.py:188} INFO - [2024-02-10T23:46:33.384+0000] {dagbag.py:538} INFO - Filling up the DagBag from /opt/airflow/dags/first_dag.py
[2024-02-10T23:46:33.424+0000] {processor.py:840} INFO - DAG(s) 'first_dag' retrieved from /opt/airflow/dags/first_dag.py
[2024-02-10T23:46:33.751+0000] {logging_mixin.py:188} INFO - [2024-02-10T23:46:33.751+0000] {override.py:1769} INFO - Created Permission View: can delete on DAG:first_dag
[2024-02-10T23:46:33.767+0000] {logging_mixin.py:188} INFO - [2024-02-10T23:46:33.766+0000] {override.py:1769} INFO - Created Permission View: can read on DAG:first_dag
[2024-02-10T23:46:33.776+0000] {logging_mixin.py:188} INFO - [2024-02-10T23:46:33.776+0000] {override.py:1769} INFO - Created Permission View: can edit on DAG:first_dag
[2024-02-10T23:46:33.777+0000] {logging_mixin.py:188} INFO - [2024-02-10T23:46:33.777+0000] {dag.py:3036} INFO - Sync 1 DAGs
[2024-02-10T23:46:33.799+0000] {logging_mixin.py:188} INFO - [2024-02-10T23:46:33.798+0000] {dag.py:3058} INFO - Creating ORM DAG for first_dag
[2024-02-10T23:46:33.815+0000] {logging_mixin.py:188} INFO - [2024-02-10T23:46:33.815+0000] {dag.py:3823} INFO - Setting next_dagrun for first_dag to 2021-07-29 02:00:00+00:00, run_after=2021-07-30 02:00:00+00:00
[2024-02-10T23:46:33.838+0000] {processor.py:183} INFO - Processing /opt/airflow/dags/first_dag.py took 0.462 seconds
[2024-02-10T23:47:04.196+0000] {processor.py:161} INFO - Started process (PID=245) to work on /opt/airflow/dags/first_dag.py
[2024-02-10T23:47:04.197+0000] {processor.py:830} INFO - Processing file /opt/airflow/dags/first_dag.py for tasks to queue
[2024-02-10T23:47:04.199+0000] {logging_mixin.py:188} INFO - [2024-02-10T23:47:04.199+0000] {dagbag.py:538} INFO - Filling up the DagBag from /opt/airflow/dags/first_dag.py
[2024-02-10T23:47:04.220+0000] {processor.py:840} INFO - DAG(s) 'first_dag' retrieved from /opt/airflow/dags/first_dag.py
[2024-02-10T23:47:04.251+0000] {logging_mixin.py:188} INFO - [2024-02-10T23:47:04.250+0000] {dag.py:3036} INFO - Sync 1 DAGs
[2024-02-10T23:47:04.292+0000] {logging_mixin.py:188} INFO - [2024-02-10T23:47:04.291+0000] {dag.py:3823} INFO - Setting next_dagrun for first_dag to 2021-07-29 02:00:00+00:00, run_after=2021-07-30 02:00:00+00:00
[2024-02-10T23:47:04.327+0000] {processor.py:183} INFO - Processing /opt/airflow/dags/first_dag.py took 0.136 seconds
[2024-02-10T23:47:34.535+0000] {processor.py:161} INFO - Started process (PID=257) to work on /opt/airflow/dags/first_dag.py
[2024-02-10T23:47:34.536+0000] {processor.py:830} INFO - Processing file /opt/airflow/dags/first_dag.py for tasks to queue
[2024-02-10T23:47:34.538+0000] {logging_mixin.py:188} INFO - [2024-02-10T23:47:34.538+0000] {dagbag.py:538} INFO - Filling up the DagBag from /opt/airflow/dags/first_dag.py
[2024-02-10T23:47:34.555+0000] {processor.py:840} INFO - DAG(s) 'first_dag' retrieved from /opt/airflow/dags/first_dag.py
[2024-02-10T23:47:34.582+0000] {logging_mixin.py:188} INFO - [2024-02-10T23:47:34.582+0000] {dag.py:3036} INFO - Sync 1 DAGs
[2024-02-10T23:47:34.621+0000] {logging_mixin.py:188} INFO - [2024-02-10T23:47:34.620+0000] {dag.py:3823} INFO - Setting next_dagrun for first_dag to 2021-07-29 02:00:00+00:00, run_after=2021-07-30 02:00:00+00:00
[2024-02-10T23:47:34.647+0000] {processor.py:183} INFO - Processing /opt/airflow/dags/first_dag.py took 0.117 seconds
[2024-02-10T23:48:05.027+0000] {processor.py:161} INFO - Started process (PID=268) to work on /opt/airflow/dags/first_dag.py
[2024-02-10T23:48:05.030+0000] {processor.py:830} INFO - Processing file /opt/airflow/dags/first_dag.py for tasks to queue
[2024-02-10T23:48:05.032+0000] {logging_mixin.py:188} INFO - [2024-02-10T23:48:05.031+0000] {dagbag.py:538} INFO - Filling up the DagBag from /opt/airflow/dags/first_dag.py
[2024-02-10T23:48:05.069+0000] {processor.py:840} INFO - DAG(s) 'first_dag' retrieved from /opt/airflow/dags/first_dag.py
[2024-02-10T23:48:05.109+0000] {logging_mixin.py:188} INFO - [2024-02-10T23:48:05.108+0000] {dag.py:3036} INFO - Sync 1 DAGs
[2024-02-10T23:48:05.160+0000] {logging_mixin.py:188} INFO - [2024-02-10T23:48:05.160+0000] {dag.py:3823} INFO - Setting next_dagrun for first_dag to 2021-07-29 02:00:00+00:00, run_after=2021-07-30 02:00:00+00:00
[2024-02-10T23:48:05.205+0000] {processor.py:183} INFO - Processing /opt/airflow/dags/first_dag.py took 0.185 seconds
[2024-02-10T23:48:35.435+0000] {processor.py:161} INFO - Started process (PID=279) to work on /opt/airflow/dags/first_dag.py
[2024-02-10T23:48:35.437+0000] {processor.py:830} INFO - Processing file /opt/airflow/dags/first_dag.py for tasks to queue
[2024-02-10T23:48:35.439+0000] {logging_mixin.py:188} INFO - [2024-02-10T23:48:35.438+0000] {dagbag.py:538} INFO - Filling up the DagBag from /opt/airflow/dags/first_dag.py
[2024-02-10T23:48:35.458+0000] {processor.py:840} INFO - DAG(s) 'first_dag' retrieved from /opt/airflow/dags/first_dag.py
[2024-02-10T23:48:35.489+0000] {logging_mixin.py:188} INFO - [2024-02-10T23:48:35.489+0000] {dag.py:3036} INFO - Sync 1 DAGs
[2024-02-10T23:48:35.535+0000] {logging_mixin.py:188} INFO - [2024-02-10T23:48:35.535+0000] {dag.py:3823} INFO - Setting next_dagrun for first_dag to 2021-07-29 02:00:00+00:00, run_after=2021-07-30 02:00:00+00:00
[2024-02-10T23:48:35.569+0000] {processor.py:183} INFO - Processing /opt/airflow/dags/first_dag.py took 0.138 seconds
[2024-02-10T23:49:05.687+0000] {processor.py:161} INFO - Started process (PID=299) to work on /opt/airflow/dags/first_dag.py
[2024-02-10T23:49:05.688+0000] {processor.py:830} INFO - Processing file /opt/airflow/dags/first_dag.py for tasks to queue
[2024-02-10T23:49:05.690+0000] {logging_mixin.py:188} INFO - [2024-02-10T23:49:05.690+0000] {dagbag.py:538} INFO - Filling up the DagBag from /opt/airflow/dags/first_dag.py
[2024-02-10T23:49:05.712+0000] {processor.py:840} INFO - DAG(s) 'first_dag' retrieved from /opt/airflow/dags/first_dag.py
[2024-02-10T23:49:05.745+0000] {logging_mixin.py:188} INFO - [2024-02-10T23:49:05.744+0000] {dag.py:3036} INFO - Sync 1 DAGs
[2024-02-10T23:49:05.788+0000] {logging_mixin.py:188} INFO - [2024-02-10T23:49:05.788+0000] {dag.py:3823} INFO - Setting next_dagrun for first_dag to 2021-07-29 02:00:00+00:00, run_after=2021-07-30 02:00:00+00:00
[2024-02-10T23:49:05.830+0000] {processor.py:183} INFO - Processing /opt/airflow/dags/first_dag.py took 0.149 seconds
[2024-02-10T23:49:36.191+0000] {processor.py:161} INFO - Started process (PID=310) to work on /opt/airflow/dags/first_dag.py
[2024-02-10T23:49:36.192+0000] {processor.py:830} INFO - Processing file /opt/airflow/dags/first_dag.py for tasks to queue
[2024-02-10T23:49:36.194+0000] {logging_mixin.py:188} INFO - [2024-02-10T23:49:36.194+0000] {dagbag.py:538} INFO - Filling up the DagBag from /opt/airflow/dags/first_dag.py
[2024-02-10T23:49:36.214+0000] {processor.py:840} INFO - DAG(s) 'first_dag' retrieved from /opt/airflow/dags/first_dag.py
[2024-02-10T23:49:36.243+0000] {logging_mixin.py:188} INFO - [2024-02-10T23:49:36.242+0000] {dag.py:3036} INFO - Sync 1 DAGs
[2024-02-10T23:49:36.288+0000] {logging_mixin.py:188} INFO - [2024-02-10T23:49:36.288+0000] {dag.py:3823} INFO - Setting next_dagrun for first_dag to 2021-07-29 02:00:00+00:00, run_after=2021-07-30 02:00:00+00:00
[2024-02-10T23:49:36.319+0000] {processor.py:183} INFO - Processing /opt/airflow/dags/first_dag.py took 0.134 seconds
[2024-02-10T23:50:06.628+0000] {processor.py:161} INFO - Started process (PID=321) to work on /opt/airflow/dags/first_dag.py
[2024-02-10T23:50:06.629+0000] {processor.py:830} INFO - Processing file /opt/airflow/dags/first_dag.py for tasks to queue
[2024-02-10T23:50:06.631+0000] {logging_mixin.py:188} INFO - [2024-02-10T23:50:06.631+0000] {dagbag.py:538} INFO - Filling up the DagBag from /opt/airflow/dags/first_dag.py
[2024-02-10T23:50:06.649+0000] {processor.py:840} INFO - DAG(s) 'first_dag' retrieved from /opt/airflow/dags/first_dag.py
[2024-02-10T23:50:06.679+0000] {logging_mixin.py:188} INFO - [2024-02-10T23:50:06.679+0000] {dag.py:3036} INFO - Sync 1 DAGs
[2024-02-10T23:50:06.721+0000] {logging_mixin.py:188} INFO - [2024-02-10T23:50:06.721+0000] {dag.py:3823} INFO - Setting next_dagrun for first_dag to 2021-07-29 02:00:00+00:00, run_after=2021-07-30 02:00:00+00:00
[2024-02-10T23:50:06.753+0000] {processor.py:183} INFO - Processing /opt/airflow/dags/first_dag.py took 0.131 seconds
[2024-02-10T23:50:36.951+0000] {processor.py:161} INFO - Started process (PID=332) to work on /opt/airflow/dags/first_dag.py
[2024-02-10T23:50:36.953+0000] {processor.py:830} INFO - Processing file /opt/airflow/dags/first_dag.py for tasks to queue
[2024-02-10T23:50:36.956+0000] {logging_mixin.py:188} INFO - [2024-02-10T23:50:36.954+0000] {dagbag.py:538} INFO - Filling up the DagBag from /opt/airflow/dags/first_dag.py
[2024-02-10T23:50:36.973+0000] {processor.py:840} INFO - DAG(s) 'first_dag' retrieved from /opt/airflow/dags/first_dag.py
[2024-02-10T23:50:37.002+0000] {logging_mixin.py:188} INFO - [2024-02-10T23:50:37.001+0000] {dag.py:3036} INFO - Sync 1 DAGs
[2024-02-10T23:50:37.045+0000] {logging_mixin.py:188} INFO - [2024-02-10T23:50:37.045+0000] {dag.py:3823} INFO - Setting next_dagrun for first_dag to 2021-07-29 02:00:00+00:00, run_after=2021-07-30 02:00:00+00:00
[2024-02-10T23:50:37.073+0000] {processor.py:183} INFO - Processing /opt/airflow/dags/first_dag.py took 0.128 seconds
[2024-02-10T23:51:07.382+0000] {processor.py:161} INFO - Started process (PID=343) to work on /opt/airflow/dags/first_dag.py
[2024-02-10T23:51:07.383+0000] {processor.py:830} INFO - Processing file /opt/airflow/dags/first_dag.py for tasks to queue
[2024-02-10T23:51:07.385+0000] {logging_mixin.py:188} INFO - [2024-02-10T23:51:07.384+0000] {dagbag.py:538} INFO - Filling up the DagBag from /opt/airflow/dags/first_dag.py
[2024-02-10T23:51:07.401+0000] {processor.py:840} INFO - DAG(s) 'first_dag' retrieved from /opt/airflow/dags/first_dag.py
[2024-02-10T23:51:07.427+0000] {logging_mixin.py:188} INFO - [2024-02-10T23:51:07.427+0000] {dag.py:3036} INFO - Sync 1 DAGs
[2024-02-10T23:51:07.465+0000] {logging_mixin.py:188} INFO - [2024-02-10T23:51:07.463+0000] {dag.py:3823} INFO - Setting next_dagrun for first_dag to 2021-07-29 02:00:00+00:00, run_after=2021-07-30 02:00:00+00:00
[2024-02-10T23:51:07.493+0000] {processor.py:183} INFO - Processing /opt/airflow/dags/first_dag.py took 0.116 seconds
[2024-02-10T23:51:37.767+0000] {processor.py:161} INFO - Started process (PID=354) to work on /opt/airflow/dags/first_dag.py
[2024-02-10T23:51:37.769+0000] {processor.py:830} INFO - Processing file /opt/airflow/dags/first_dag.py for tasks to queue
[2024-02-10T23:51:37.770+0000] {logging_mixin.py:188} INFO - [2024-02-10T23:51:37.770+0000] {dagbag.py:538} INFO - Filling up the DagBag from /opt/airflow/dags/first_dag.py
[2024-02-10T23:51:37.788+0000] {processor.py:840} INFO - DAG(s) 'first_dag' retrieved from /opt/airflow/dags/first_dag.py
[2024-02-10T23:51:37.815+0000] {logging_mixin.py:188} INFO - [2024-02-10T23:51:37.815+0000] {dag.py:3036} INFO - Sync 1 DAGs
[2024-02-10T23:51:37.856+0000] {logging_mixin.py:188} INFO - [2024-02-10T23:51:37.855+0000] {dag.py:3823} INFO - Setting next_dagrun for first_dag to 2021-07-29 02:00:00+00:00, run_after=2021-07-30 02:00:00+00:00
[2024-02-10T23:51:37.889+0000] {processor.py:183} INFO - Processing /opt/airflow/dags/first_dag.py took 0.127 seconds
[2024-02-10T23:52:08.093+0000] {processor.py:161} INFO - Started process (PID=365) to work on /opt/airflow/dags/first_dag.py
[2024-02-10T23:52:08.094+0000] {processor.py:830} INFO - Processing file /opt/airflow/dags/first_dag.py for tasks to queue
[2024-02-10T23:52:08.097+0000] {logging_mixin.py:188} INFO - [2024-02-10T23:52:08.096+0000] {dagbag.py:538} INFO - Filling up the DagBag from /opt/airflow/dags/first_dag.py
[2024-02-10T23:52:08.116+0000] {processor.py:840} INFO - DAG(s) 'first_dag' retrieved from /opt/airflow/dags/first_dag.py
[2024-02-10T23:52:08.148+0000] {logging_mixin.py:188} INFO - [2024-02-10T23:52:08.147+0000] {dag.py:3036} INFO - Sync 1 DAGs
[2024-02-10T23:52:08.189+0000] {logging_mixin.py:188} INFO - [2024-02-10T23:52:08.189+0000] {dag.py:3823} INFO - Setting next_dagrun for first_dag to 2021-07-29 02:00:00+00:00, run_after=2021-07-30 02:00:00+00:00
[2024-02-10T23:52:08.226+0000] {processor.py:183} INFO - Processing /opt/airflow/dags/first_dag.py took 0.139 seconds
[2024-02-10T23:52:38.472+0000] {processor.py:161} INFO - Started process (PID=376) to work on /opt/airflow/dags/first_dag.py
[2024-02-10T23:52:38.474+0000] {processor.py:830} INFO - Processing file /opt/airflow/dags/first_dag.py for tasks to queue
[2024-02-10T23:52:38.476+0000] {logging_mixin.py:188} INFO - [2024-02-10T23:52:38.475+0000] {dagbag.py:538} INFO - Filling up the DagBag from /opt/airflow/dags/first_dag.py
[2024-02-10T23:52:38.493+0000] {processor.py:840} INFO - DAG(s) 'first_dag' retrieved from /opt/airflow/dags/first_dag.py
[2024-02-10T23:52:38.522+0000] {logging_mixin.py:188} INFO - [2024-02-10T23:52:38.522+0000] {dag.py:3036} INFO - Sync 1 DAGs
[2024-02-10T23:52:38.564+0000] {logging_mixin.py:188} INFO - [2024-02-10T23:52:38.564+0000] {dag.py:3823} INFO - Setting next_dagrun for first_dag to 2021-07-29 02:00:00+00:00, run_after=2021-07-30 02:00:00+00:00
[2024-02-10T23:52:38.594+0000] {processor.py:183} INFO - Processing /opt/airflow/dags/first_dag.py took 0.127 seconds
[2024-02-10T23:53:08.989+0000] {processor.py:161} INFO - Started process (PID=387) to work on /opt/airflow/dags/first_dag.py
[2024-02-10T23:53:08.991+0000] {processor.py:830} INFO - Processing file /opt/airflow/dags/first_dag.py for tasks to queue
[2024-02-10T23:53:08.993+0000] {logging_mixin.py:188} INFO - [2024-02-10T23:53:08.992+0000] {dagbag.py:538} INFO - Filling up the DagBag from /opt/airflow/dags/first_dag.py
[2024-02-10T23:53:09.014+0000] {processor.py:840} INFO - DAG(s) 'first_dag' retrieved from /opt/airflow/dags/first_dag.py
[2024-02-10T23:53:09.048+0000] {logging_mixin.py:188} INFO - [2024-02-10T23:53:09.048+0000] {dag.py:3036} INFO - Sync 1 DAGs
[2024-02-10T23:53:09.094+0000] {logging_mixin.py:188} INFO - [2024-02-10T23:53:09.093+0000] {dag.py:3823} INFO - Setting next_dagrun for first_dag to 2021-07-29 02:00:00+00:00, run_after=2021-07-30 02:00:00+00:00
[2024-02-10T23:53:09.127+0000] {processor.py:183} INFO - Processing /opt/airflow/dags/first_dag.py took 0.143 seconds
[2024-02-10T23:53:39.379+0000] {processor.py:161} INFO - Started process (PID=398) to work on /opt/airflow/dags/first_dag.py
[2024-02-10T23:53:39.381+0000] {processor.py:830} INFO - Processing file /opt/airflow/dags/first_dag.py for tasks to queue
[2024-02-10T23:53:39.383+0000] {logging_mixin.py:188} INFO - [2024-02-10T23:53:39.382+0000] {dagbag.py:538} INFO - Filling up the DagBag from /opt/airflow/dags/first_dag.py
[2024-02-10T23:53:39.399+0000] {processor.py:840} INFO - DAG(s) 'first_dag' retrieved from /opt/airflow/dags/first_dag.py
[2024-02-10T23:53:39.426+0000] {logging_mixin.py:188} INFO - [2024-02-10T23:53:39.426+0000] {dag.py:3036} INFO - Sync 1 DAGs
[2024-02-10T23:53:39.462+0000] {logging_mixin.py:188} INFO - [2024-02-10T23:53:39.462+0000] {dag.py:3823} INFO - Setting next_dagrun for first_dag to 2021-07-29 02:00:00+00:00, run_after=2021-07-30 02:00:00+00:00
[2024-02-10T23:53:39.490+0000] {processor.py:183} INFO - Processing /opt/airflow/dags/first_dag.py took 0.116 seconds
[2024-02-10T23:54:08.778+0000] {processor.py:161} INFO - Started process (PID=409) to work on /opt/airflow/dags/first_dag.py
[2024-02-10T23:54:08.780+0000] {processor.py:830} INFO - Processing file /opt/airflow/dags/first_dag.py for tasks to queue
[2024-02-10T23:54:08.781+0000] {logging_mixin.py:188} INFO - [2024-02-10T23:54:08.781+0000] {dagbag.py:538} INFO - Filling up the DagBag from /opt/airflow/dags/first_dag.py
[2024-02-10T23:54:08.795+0000] {logging_mixin.py:188} INFO - [2024-02-10T23:54:08.792+0000] {dagbag.py:348} ERROR - Failed to import: /opt/airflow/dags/first_dag.py
Traceback (most recent call last):
  File "/home/airflow/.local/lib/python3.8/site-packages/airflow/models/dagbag.py", line 344, in parse
    loader.exec_module(new_module)
  File "<frozen importlib._bootstrap_external>", line 843, in exec_module
  File "<frozen importlib._bootstrap>", line 219, in _call_with_frames_removed
  File "/opt/airflow/dags/first_dag.py", line 5, in <module>
    with DAG(
TypeError: __init__() got an unexpected keyword argument 'scheduler_inteval'
[2024-02-10T23:54:08.796+0000] {processor.py:842} WARNING - No viable dags retrieved from /opt/airflow/dags/first_dag.py
[2024-02-10T23:54:08.827+0000] {processor.py:183} INFO - Processing /opt/airflow/dags/first_dag.py took 0.055 seconds
[2024-02-10T23:54:39.090+0000] {processor.py:161} INFO - Started process (PID=420) to work on /opt/airflow/dags/first_dag.py
[2024-02-10T23:54:39.093+0000] {processor.py:830} INFO - Processing file /opt/airflow/dags/first_dag.py for tasks to queue
[2024-02-10T23:54:39.117+0000] {logging_mixin.py:188} INFO - [2024-02-10T23:54:39.116+0000] {dagbag.py:538} INFO - Filling up the DagBag from /opt/airflow/dags/first_dag.py
[2024-02-10T23:54:39.125+0000] {logging_mixin.py:188} INFO - [2024-02-10T23:54:39.123+0000] {dagbag.py:348} ERROR - Failed to import: /opt/airflow/dags/first_dag.py
Traceback (most recent call last):
  File "/home/airflow/.local/lib/python3.8/site-packages/airflow/models/dagbag.py", line 344, in parse
    loader.exec_module(new_module)
  File "<frozen importlib._bootstrap_external>", line 843, in exec_module
  File "<frozen importlib._bootstrap>", line 219, in _call_with_frames_removed
  File "/opt/airflow/dags/first_dag.py", line 5, in <module>
    with DAG(
TypeError: __init__() got an unexpected keyword argument 'scheduler_inteval'
[2024-02-10T23:54:39.126+0000] {processor.py:842} WARNING - No viable dags retrieved from /opt/airflow/dags/first_dag.py
[2024-02-10T23:54:39.255+0000] {processor.py:183} INFO - Processing /opt/airflow/dags/first_dag.py took 0.171 seconds
[2024-02-10T23:55:09.790+0000] {processor.py:161} INFO - Started process (PID=431) to work on /opt/airflow/dags/first_dag.py
[2024-02-10T23:55:09.792+0000] {processor.py:830} INFO - Processing file /opt/airflow/dags/first_dag.py for tasks to queue
[2024-02-10T23:55:09.793+0000] {logging_mixin.py:188} INFO - [2024-02-10T23:55:09.793+0000] {dagbag.py:538} INFO - Filling up the DagBag from /opt/airflow/dags/first_dag.py
[2024-02-10T23:55:09.801+0000] {logging_mixin.py:188} INFO - [2024-02-10T23:55:09.799+0000] {dagbag.py:348} ERROR - Failed to import: /opt/airflow/dags/first_dag.py
Traceback (most recent call last):
  File "/home/airflow/.local/lib/python3.8/site-packages/airflow/models/dagbag.py", line 344, in parse
    loader.exec_module(new_module)
  File "<frozen importlib._bootstrap_external>", line 843, in exec_module
  File "<frozen importlib._bootstrap>", line 219, in _call_with_frames_removed
  File "/opt/airflow/dags/first_dag.py", line 5, in <module>
    with DAG(
TypeError: __init__() got an unexpected keyword argument 'scheduler_inteval'
[2024-02-10T23:55:09.802+0000] {processor.py:842} WARNING - No viable dags retrieved from /opt/airflow/dags/first_dag.py
[2024-02-10T23:55:09.829+0000] {processor.py:183} INFO - Processing /opt/airflow/dags/first_dag.py took 0.043 seconds
[2024-02-10T23:55:40.287+0000] {processor.py:161} INFO - Started process (PID=442) to work on /opt/airflow/dags/first_dag.py
[2024-02-10T23:55:40.288+0000] {processor.py:830} INFO - Processing file /opt/airflow/dags/first_dag.py for tasks to queue
[2024-02-10T23:55:40.291+0000] {logging_mixin.py:188} INFO - [2024-02-10T23:55:40.290+0000] {dagbag.py:538} INFO - Filling up the DagBag from /opt/airflow/dags/first_dag.py
[2024-02-10T23:55:40.298+0000] {logging_mixin.py:188} INFO - [2024-02-10T23:55:40.296+0000] {dagbag.py:348} ERROR - Failed to import: /opt/airflow/dags/first_dag.py
Traceback (most recent call last):
  File "/home/airflow/.local/lib/python3.8/site-packages/airflow/models/dagbag.py", line 344, in parse
    loader.exec_module(new_module)
  File "<frozen importlib._bootstrap_external>", line 843, in exec_module
  File "<frozen importlib._bootstrap>", line 219, in _call_with_frames_removed
  File "/opt/airflow/dags/first_dag.py", line 5, in <module>
    with DAG(
TypeError: __init__() got an unexpected keyword argument 'scheduler_inteval'
[2024-02-10T23:55:40.299+0000] {processor.py:842} WARNING - No viable dags retrieved from /opt/airflow/dags/first_dag.py
[2024-02-10T23:55:40.325+0000] {processor.py:183} INFO - Processing /opt/airflow/dags/first_dag.py took 0.043 seconds
[2024-02-10T23:56:10.693+0000] {processor.py:161} INFO - Started process (PID=453) to work on /opt/airflow/dags/first_dag.py
[2024-02-10T23:56:10.694+0000] {processor.py:830} INFO - Processing file /opt/airflow/dags/first_dag.py for tasks to queue
[2024-02-10T23:56:10.696+0000] {logging_mixin.py:188} INFO - [2024-02-10T23:56:10.695+0000] {dagbag.py:538} INFO - Filling up the DagBag from /opt/airflow/dags/first_dag.py
[2024-02-10T23:56:10.703+0000] {logging_mixin.py:188} INFO - [2024-02-10T23:56:10.701+0000] {dagbag.py:348} ERROR - Failed to import: /opt/airflow/dags/first_dag.py
Traceback (most recent call last):
  File "/home/airflow/.local/lib/python3.8/site-packages/airflow/models/dagbag.py", line 344, in parse
    loader.exec_module(new_module)
  File "<frozen importlib._bootstrap_external>", line 843, in exec_module
  File "<frozen importlib._bootstrap>", line 219, in _call_with_frames_removed
  File "/opt/airflow/dags/first_dag.py", line 5, in <module>
    with DAG(
TypeError: __init__() got an unexpected keyword argument 'scheduler_inteval'
[2024-02-10T23:56:10.704+0000] {processor.py:842} WARNING - No viable dags retrieved from /opt/airflow/dags/first_dag.py
[2024-02-10T23:56:10.732+0000] {processor.py:183} INFO - Processing /opt/airflow/dags/first_dag.py took 0.045 seconds
[2024-02-10T23:56:22.838+0000] {processor.py:161} INFO - Started process (PID=458) to work on /opt/airflow/dags/first_dag.py
[2024-02-10T23:56:22.840+0000] {processor.py:830} INFO - Processing file /opt/airflow/dags/first_dag.py for tasks to queue
[2024-02-10T23:56:22.841+0000] {logging_mixin.py:188} INFO - [2024-02-10T23:56:22.841+0000] {dagbag.py:538} INFO - Filling up the DagBag from /opt/airflow/dags/first_dag.py
[2024-02-10T23:56:22.853+0000] {logging_mixin.py:188} INFO - [2024-02-10T23:56:22.851+0000] {dagbag.py:348} ERROR - Failed to import: /opt/airflow/dags/first_dag.py
Traceback (most recent call last):
  File "/home/airflow/.local/lib/python3.8/site-packages/airflow/models/dagbag.py", line 344, in parse
    loader.exec_module(new_module)
  File "<frozen importlib._bootstrap_external>", line 843, in exec_module
  File "<frozen importlib._bootstrap>", line 219, in _call_with_frames_removed
  File "/opt/airflow/dags/first_dag.py", line 2, in <module>
    from airflow.operator.bash import BashOperator
ModuleNotFoundError: No module named 'airflow.operator'
[2024-02-10T23:56:22.854+0000] {processor.py:842} WARNING - No viable dags retrieved from /opt/airflow/dags/first_dag.py
[2024-02-10T23:56:22.888+0000] {processor.py:183} INFO - Processing /opt/airflow/dags/first_dag.py took 0.056 seconds
[2024-02-10T23:56:53.312+0000] {processor.py:161} INFO - Started process (PID=469) to work on /opt/airflow/dags/first_dag.py
[2024-02-10T23:56:53.314+0000] {processor.py:830} INFO - Processing file /opt/airflow/dags/first_dag.py for tasks to queue
[2024-02-10T23:56:53.315+0000] {logging_mixin.py:188} INFO - [2024-02-10T23:56:53.315+0000] {dagbag.py:538} INFO - Filling up the DagBag from /opt/airflow/dags/first_dag.py
[2024-02-10T23:56:53.323+0000] {logging_mixin.py:188} INFO - [2024-02-10T23:56:53.321+0000] {dagbag.py:348} ERROR - Failed to import: /opt/airflow/dags/first_dag.py
Traceback (most recent call last):
  File "/home/airflow/.local/lib/python3.8/site-packages/airflow/models/dagbag.py", line 344, in parse
    loader.exec_module(new_module)
  File "<frozen importlib._bootstrap_external>", line 843, in exec_module
  File "<frozen importlib._bootstrap>", line 219, in _call_with_frames_removed
  File "/opt/airflow/dags/first_dag.py", line 2, in <module>
    from airflow.operator.bash import BashOperator
ModuleNotFoundError: No module named 'airflow.operator'
[2024-02-10T23:56:53.324+0000] {processor.py:842} WARNING - No viable dags retrieved from /opt/airflow/dags/first_dag.py
[2024-02-10T23:56:53.351+0000] {processor.py:183} INFO - Processing /opt/airflow/dags/first_dag.py took 0.044 seconds
[2024-02-10T23:57:23.792+0000] {processor.py:161} INFO - Started process (PID=480) to work on /opt/airflow/dags/first_dag.py
[2024-02-10T23:57:23.794+0000] {processor.py:830} INFO - Processing file /opt/airflow/dags/first_dag.py for tasks to queue
[2024-02-10T23:57:23.796+0000] {logging_mixin.py:188} INFO - [2024-02-10T23:57:23.796+0000] {dagbag.py:538} INFO - Filling up the DagBag from /opt/airflow/dags/first_dag.py
[2024-02-10T23:57:23.810+0000] {logging_mixin.py:188} INFO - [2024-02-10T23:57:23.806+0000] {dagbag.py:348} ERROR - Failed to import: /opt/airflow/dags/first_dag.py
Traceback (most recent call last):
  File "/home/airflow/.local/lib/python3.8/site-packages/airflow/models/dagbag.py", line 344, in parse
    loader.exec_module(new_module)
  File "<frozen importlib._bootstrap_external>", line 843, in exec_module
  File "<frozen importlib._bootstrap>", line 219, in _call_with_frames_removed
  File "/opt/airflow/dags/first_dag.py", line 2, in <module>
    from airflow.operator.bash import BashOperator
ModuleNotFoundError: No module named 'airflow.operator'
[2024-02-10T23:57:23.811+0000] {processor.py:842} WARNING - No viable dags retrieved from /opt/airflow/dags/first_dag.py
[2024-02-10T23:57:23.849+0000] {processor.py:183} INFO - Processing /opt/airflow/dags/first_dag.py took 0.062 seconds
[2024-02-10T23:57:38.015+0000] {processor.py:161} INFO - Started process (PID=491) to work on /opt/airflow/dags/first_dag.py
[2024-02-10T23:57:38.017+0000] {processor.py:830} INFO - Processing file /opt/airflow/dags/first_dag.py for tasks to queue
[2024-02-10T23:57:38.018+0000] {logging_mixin.py:188} INFO - [2024-02-10T23:57:38.018+0000] {dagbag.py:538} INFO - Filling up the DagBag from /opt/airflow/dags/first_dag.py
[2024-02-10T23:57:38.029+0000] {logging_mixin.py:188} INFO - [2024-02-10T23:57:38.028+0000] {dagbag.py:348} ERROR - Failed to import: /opt/airflow/dags/first_dag.py
Traceback (most recent call last):
  File "/home/airflow/.local/lib/python3.8/site-packages/airflow/models/dagbag.py", line 344, in parse
    loader.exec_module(new_module)
  File "<frozen importlib._bootstrap_external>", line 843, in exec_module
  File "<frozen importlib._bootstrap>", line 219, in _call_with_frames_removed
  File "/opt/airflow/dags/first_dag.py", line 2, in <module>
    from airflow.operator.bash import BashOperator
ModuleNotFoundError: No module named 'airflow.operator'
[2024-02-10T23:57:38.030+0000] {processor.py:842} WARNING - No viable dags retrieved from /opt/airflow/dags/first_dag.py
[2024-02-10T23:57:38.059+0000] {processor.py:183} INFO - Processing /opt/airflow/dags/first_dag.py took 0.049 seconds
[2024-02-10T23:58:08.395+0000] {processor.py:161} INFO - Started process (PID=502) to work on /opt/airflow/dags/first_dag.py
[2024-02-10T23:58:08.397+0000] {processor.py:830} INFO - Processing file /opt/airflow/dags/first_dag.py for tasks to queue
[2024-02-10T23:58:08.398+0000] {logging_mixin.py:188} INFO - [2024-02-10T23:58:08.398+0000] {dagbag.py:538} INFO - Filling up the DagBag from /opt/airflow/dags/first_dag.py
[2024-02-10T23:58:08.406+0000] {logging_mixin.py:188} INFO - [2024-02-10T23:58:08.404+0000] {dagbag.py:348} ERROR - Failed to import: /opt/airflow/dags/first_dag.py
Traceback (most recent call last):
  File "/home/airflow/.local/lib/python3.8/site-packages/airflow/models/dagbag.py", line 344, in parse
    loader.exec_module(new_module)
  File "<frozen importlib._bootstrap_external>", line 843, in exec_module
  File "<frozen importlib._bootstrap>", line 219, in _call_with_frames_removed
  File "/opt/airflow/dags/first_dag.py", line 2, in <module>
    from airflow.operator.bash import BashOperator
ModuleNotFoundError: No module named 'airflow.operator'
[2024-02-10T23:58:08.407+0000] {processor.py:842} WARNING - No viable dags retrieved from /opt/airflow/dags/first_dag.py
[2024-02-10T23:58:08.433+0000] {processor.py:183} INFO - Processing /opt/airflow/dags/first_dag.py took 0.042 seconds
[2024-02-10T23:58:31.764+0000] {processor.py:161} INFO - Started process (PID=513) to work on /opt/airflow/dags/first_dag.py
[2024-02-10T23:58:31.766+0000] {processor.py:830} INFO - Processing file /opt/airflow/dags/first_dag.py for tasks to queue
[2024-02-10T23:58:31.767+0000] {logging_mixin.py:188} INFO - [2024-02-10T23:58:31.767+0000] {dagbag.py:538} INFO - Filling up the DagBag from /opt/airflow/dags/first_dag.py
[2024-02-10T23:58:31.776+0000] {logging_mixin.py:188} INFO - [2024-02-10T23:58:31.774+0000] {dagbag.py:348} ERROR - Failed to import: /opt/airflow/dags/first_dag.py
Traceback (most recent call last):
  File "/home/airflow/.local/lib/python3.8/site-packages/airflow/models/dagbag.py", line 344, in parse
    loader.exec_module(new_module)
  File "<frozen importlib._bootstrap_external>", line 843, in exec_module
  File "<frozen importlib._bootstrap>", line 219, in _call_with_frames_removed
  File "/opt/airflow/dags/first_dag.py", line 11, in <module>
    with DAG(
TypeError: __init__() got an unexpected keyword argument 'schedulers_inteval'
[2024-02-10T23:58:31.777+0000] {processor.py:842} WARNING - No viable dags retrieved from /opt/airflow/dags/first_dag.py
[2024-02-10T23:58:31.807+0000] {processor.py:183} INFO - Processing /opt/airflow/dags/first_dag.py took 0.047 seconds
[2024-02-10T23:59:02.127+0000] {processor.py:161} INFO - Started process (PID=524) to work on /opt/airflow/dags/first_dag.py
[2024-02-10T23:59:02.129+0000] {processor.py:830} INFO - Processing file /opt/airflow/dags/first_dag.py for tasks to queue
[2024-02-10T23:59:02.130+0000] {logging_mixin.py:188} INFO - [2024-02-10T23:59:02.130+0000] {dagbag.py:538} INFO - Filling up the DagBag from /opt/airflow/dags/first_dag.py
[2024-02-10T23:59:02.138+0000] {logging_mixin.py:188} INFO - [2024-02-10T23:59:02.137+0000] {dagbag.py:348} ERROR - Failed to import: /opt/airflow/dags/first_dag.py
Traceback (most recent call last):
  File "/home/airflow/.local/lib/python3.8/site-packages/airflow/models/dagbag.py", line 344, in parse
    loader.exec_module(new_module)
  File "<frozen importlib._bootstrap_external>", line 843, in exec_module
  File "<frozen importlib._bootstrap>", line 219, in _call_with_frames_removed
  File "/opt/airflow/dags/first_dag.py", line 11, in <module>
    with DAG(
TypeError: __init__() got an unexpected keyword argument 'schedulers_inteval'
[2024-02-10T23:59:02.139+0000] {processor.py:842} WARNING - No viable dags retrieved from /opt/airflow/dags/first_dag.py
[2024-02-10T23:59:02.168+0000] {processor.py:183} INFO - Processing /opt/airflow/dags/first_dag.py took 0.046 seconds
[2024-02-10T23:59:24.541+0000] {processor.py:161} INFO - Started process (PID=529) to work on /opt/airflow/dags/first_dag.py
[2024-02-10T23:59:24.543+0000] {processor.py:830} INFO - Processing file /opt/airflow/dags/first_dag.py for tasks to queue
[2024-02-10T23:59:24.545+0000] {logging_mixin.py:188} INFO - [2024-02-10T23:59:24.544+0000] {dagbag.py:538} INFO - Filling up the DagBag from /opt/airflow/dags/first_dag.py
[2024-02-10T23:59:24.556+0000] {logging_mixin.py:188} INFO - [2024-02-10T23:59:24.554+0000] {dagbag.py:348} ERROR - Failed to import: /opt/airflow/dags/first_dag.py
Traceback (most recent call last):
  File "/home/airflow/.local/lib/python3.8/site-packages/airflow/models/dagbag.py", line 344, in parse
    loader.exec_module(new_module)
  File "<frozen importlib._bootstrap_external>", line 843, in exec_module
  File "<frozen importlib._bootstrap>", line 219, in _call_with_frames_removed
  File "/opt/airflow/dags/first_dag.py", line 11, in <module>
    with DAG(
TypeError: __init__() got an unexpected keyword argument 'schedule_inteval'
[2024-02-10T23:59:24.557+0000] {processor.py:842} WARNING - No viable dags retrieved from /opt/airflow/dags/first_dag.py
[2024-02-10T23:59:24.588+0000] {processor.py:183} INFO - Processing /opt/airflow/dags/first_dag.py took 0.052 seconds
[2024-02-10T23:59:54.176+0000] {processor.py:161} INFO - Started process (PID=539) to work on /opt/airflow/dags/first_dag.py
[2024-02-10T23:59:54.178+0000] {processor.py:830} INFO - Processing file /opt/airflow/dags/first_dag.py for tasks to queue
[2024-02-10T23:59:54.179+0000] {logging_mixin.py:188} INFO - [2024-02-10T23:59:54.179+0000] {dagbag.py:538} INFO - Filling up the DagBag from /opt/airflow/dags/first_dag.py
[2024-02-10T23:59:54.211+0000] {processor.py:840} INFO - DAG(s) 'first_dag' retrieved from /opt/airflow/dags/first_dag.py
[2024-02-10T23:59:54.512+0000] {logging_mixin.py:188} INFO - [2024-02-10T23:59:54.512+0000] {dag.py:3036} INFO - Sync 1 DAGs
[2024-02-10T23:59:54.559+0000] {logging_mixin.py:188} INFO - [2024-02-10T23:59:54.559+0000] {dag.py:3823} INFO - Setting next_dagrun for first_dag to 2024-01-31 00:00:00+00:00, run_after=2024-02-01 00:00:00+00:00
[2024-02-10T23:59:54.591+0000] {processor.py:183} INFO - Processing /opt/airflow/dags/first_dag.py took 0.421 seconds
